This is pdfTeX, Version 3.1415926-2.3-1.40.12 (MiKTeX 2.9) (preloaded format=pdflatex 2011.12.17)  26 OCT 2012 02:36
entering extended mode
**отзыв.tex
(D:\Универ\отчетПрактика\отзыв.tex
LaTeX2e <2011/06/27>
Babel <v3.8m> and hyphenation patterns for english, afrikaans, ancientgreek, ar
abic, armenian, assamese, basque, bengali, bokmal, bulgarian, catalan, coptic, 
croatian, czech, danish, dutch, esperanto, estonian, farsi, finnish, french, ga
lician, german, german-x-2009-06-19, greek, gujarati, hindi, hungarian, iceland
ic, indonesian, interlingua, irish, italian, kannada, kurmanji, lao, latin, lat
vian, lithuanian, malayalam, marathi, mongolian, mongolianlmc, monogreek, ngerm
an, ngerman-x-2009-06-19, nynorsk, oriya, panjabi, pinyin, polish, portuguese, 
romanian, russian, sanskrit, serbian, slovak, slovenian, spanish, swedish, swis
sgerman, tamil, telugu, turkish, turkmen, ukenglish, ukrainian, uppersorbian, u
senglishmax, welsh, loaded.
(D:\_Full_TeX\texmf\tex\latex\base\article.cls
Document Class: article 2007/10/19 v1.4h Standard LaTeX document class
(D:\_Full_TeX\texmf\tex\latex\base\size12.clo
File: size12.clo 2007/10/19 v1.4h Standard LaTeX file (size option)
)
\c@part=\count79
\c@section=\count80
\c@subsection=\count81
\c@subsubsection=\count82
\c@paragraph=\count83
\c@subparagraph=\count84
\c@figure=\count85
\c@table=\count86
\abovecaptionskip=\skip41
\belowcaptionskip=\skip42
\bibindent=\dimen102
)
(D:\_Full_TeX\texmf\tex\generic\babel\babel.sty
Package: babel 2008/07/08 v3.8m The Babel package

*************************************
* Local config file bblopts.cfg used
*
(D:\_Full_TeX\texmf\tex\latex\00miktex\bblopts.cfg
File: bblopts.cfg 2006/07/31 v1.0 MiKTeX 'babel' configuration
)
(D:\_Full_TeX\texmf\tex\generic\babel\russianb.ldf
Language: russianb 2008/03/21 v1.1r Russian support from the babel system

(D:\_Full_TeX\texmf\tex\generic\babel\babel.def
File: babel.def 2008/07/08 v3.8m Babel common definitions
\babel@savecnt=\count87
\U@D=\dimen103
)
(D:\_Full_TeX\texmf\tex\latex\cyrillic\t2aenc.def
File: t2aenc.def 2005/09/27 v1.0i Cyrillic encoding definition file
)

Package babel Warning: No input encoding specified for Russian language on inpu
t line 136.

Package babel Info: Making " an active character on input line 199.
)) (D:\_Full_TeX\texmf\tex\latex\titlesec\titlesec.sty
Package: titlesec 2011/11/11 v2.9.2 Sectioning titles
\ttl@box=\box26
\beforetitleunit=\skip43
\aftertitleunit=\skip44
\ttl@plus=\dimen104
\ttl@minus=\dimen105
\ttl@toksa=\toks14
\titlewidth=\dimen106
\titlewidthlast=\dimen107
\titlewidthfirst=\dimen108
)
(D:\Универ\отчетПрактика\отзыв.aux
LaTeX Font Info:    Try loading font information for T2A+cmr on input line 3.

(D:\_Full_TeX\texmf\tex\latex\cyrillic\t2acmr.fd
File: t2acmr.fd 2001/08/11 v1.0a Computer Modern Cyrillic font definitions
))
LaTeX Font Info:    Checking defaults for OML/cmm/m/it on input line 6.
LaTeX Font Info:    ... okay on input line 6.
LaTeX Font Info:    Checking defaults for T1/cmr/m/n on input line 6.
LaTeX Font Info:    ... okay on input line 6.
LaTeX Font Info:    Checking defaults for OT1/cmr/m/n on input line 6.
LaTeX Font Info:    ... okay on input line 6.
LaTeX Font Info:    Checking defaults for OMS/cmsy/m/n on input line 6.
LaTeX Font Info:    ... okay on input line 6.
LaTeX Font Info:    Checking defaults for OMX/cmex/m/n on input line 6.
LaTeX Font Info:    ... okay on input line 6.
LaTeX Font Info:    Checking defaults for U/cmr/m/n on input line 6.
LaTeX Font Info:    ... okay on input line 6.
LaTeX Font Info:    Checking defaults for T2A/cmr/m/n on input line 6.
LaTeX Font Info:    ... okay on input line 6.

D:\Универ\отчетПрактика\отзыв.tex:22: Missing $ inserte
d
I've inserted a begin-math/end-math symbol since I think
you left one out. Proceed, with fingers crossed.

LaTeX Font Info:    External font `cmex10' loaded for size
(Font)              <12> on input line 22.
LaTeX Font Info:    External font `cmex10' loaded for size
(Font)              <8> on input line 22.
LaTeX Font Info:    External font `cmex10' loaded for size
(Font)              <6> on input line 22.
D:\Универ\отчетПрактика\отзыв.tex:22: Missing { inserte
d
A left brace was mandatory here, so I've put one in.
You might want to delete and/or insert some corrections
so that I will find a matching right brace soon.
(If you're confused by all this, try typing `I}' now.)

D:\Универ\отчетПрактика\отзыв.tex:22: Missing { inserte
d
A left brace was mandatory here, so I've put one in.
You might want to delete and/or insert some corrections
so that I will find a matching right brace soon.
(If you're confused by all this, try typing `I}' now.)

D:\Универ\отчетПрактика\отзыв.tex:22: Missing { inserte
d
A left brace was mandatory here, so I've put one in.
You might want to delete and/or insert some corrections
so that I will find a matching right brace soon.
(If you're confused by all this, try typing `I}' now.)

D:\Универ\отчетПрактика\отзыв.tex:22: Missing { inserte
d
A left brace was mandatory here, so I've put one in.
You might want to delete and/or insert some corrections
so that I will find a matching right brace soon.
(If you're confused by all this, try typing `I}' now.)

D:\Универ\отчетПрактика\отзыв.tex:22: Missing { inserte
d
A left brace was mandatory here, so I've put one in.
You might want to delete and/or insert some corrections
so that I will find a matching right brace soon.
(If you're confused by all this, try typing `I}' now.)

D:\Универ\отчетПрактика\отзыв.tex:22: Missing { inserte
d
A left brace was mandatory here, so I've put one in.
You might want to delete and/or insert some corrections
so that I will find a matching right brace soon.
(If you're confused by all this, try typing `I}' now.)

D:\Универ\отчетПрактика\отзыв.tex:22: Missing { inserte
d
A left brace was mandatory here, so I've put one in.
You might want to delete and/or insert some corrections
so that I will find a matching right brace soon.
(If you're confused by all this, try typing `I}' now.)

D:\Универ\отчетПрактика\отзыв.tex:22: Missing { inserte
d
A left brace was mandatory here, so I've put one in.
You might want to delete and/or insert some corrections
so that I will find a matching right brace soon.
(If you're confused by all this, try typing `I}' now.)

D:\Универ\отчетПрактика\отзыв.tex:22: Missing { inserte
d
A left brace was mandatory here, so I've put one in.
You might want to delete and/or insert some corrections
so that I will find a matching right brace soon.
(If you're confused by all this, try typing `I}' now.)

D:\Универ\отчетПрактика\отзыв.tex:22: Missing { inserte
d
A left brace was mandatory here, so I've put one in.
You might want to delete and/or insert some corrections
so that I will find a matching right brace soon.
(If you're confused by all this, try typing `I}' now.)

D:\Универ\отчетПрактика\отзыв.tex:22: Missing { inserte
d
A left brace was mandatory here, so I've put one in.
You might want to delete and/or insert some corrections
so that I will find a matching right brace soon.
(If you're confused by all this, try typing `I}' now.)

D:\Универ\отчетПрактика\отзыв.tex:22: Missing { inserte
d
A left brace was mandatory here, so I've put one in.
You might want to delete and/or insert some corrections
so that I will find a matching right brace soon.
(If you're confused by all this, try typing `I}' now.)

D:\Универ\отчетПрактика\отзыв.tex:22: Missing { inserte
d
A left brace was mandatory here, so I've put one in.
You might want to delete and/or insert some corrections
so that I will find a matching right brace soon.
(If you're confused by all this, try typing `I}' now.)

D:\Универ\отчетПрактика\отзыв.tex:22: Missing { inserte
d
A left brace was mandatory here, so I've put one in.
You might want to delete and/or insert some corrections
so that I will find a matching right brace soon.
(If you're confused by all this, try typing `I}' now.)

D:\Универ\отчетПрактика\отзыв.tex:23: Missing $ inserte
d
I've inserted a begin-math/end-math symbol since I think
you left one out. Proceed, with fingers crossed.

D:\Универ\отчетПрактика\отзыв.tex:23: Missing } inserte
d
I've inserted something that you may have forgotten.
(See the <inserted text> above.)
With luck, this will get me unwedged. But if you
really didn't forget anything, try typing `2' now; then
my insertion and my current dilemma will both disappear.

D:\Универ\отчетПрактика\отзыв.tex:23: Missing } inserte
d
I've inserted something that you may have forgotten.
(See the <inserted text> above.)
With luck, this will get me unwedged. But if you
really didn't forget anything, try typing `2' now; then
my insertion and my current dilemma will both disappear.

D:\Универ\отчетПрактика\отзыв.tex:23: Missing } inserte
d
I've inserted something that you may have forgotten.
(See the <inserted text> above.)
With luck, this will get me unwedged. But if you
really didn't forget anything, try typing `2' now; then
my insertion and my current dilemma will both disappear.

D:\Универ\отчетПрактика\отзыв.tex:23: Missing } inserte
d
I've inserted something that you may have forgotten.
(See the <inserted text> above.)
With luck, this will get me unwedged. But if you
really didn't forget anything, try typing `2' now; then
my insertion and my current dilemma will both disappear.

D:\Универ\отчетПрактика\отзыв.tex:23: Missing } inserte
d
I've inserted something that you may have forgotten.
(See the <inserted text> above.)
With luck, this will get me unwedged. But if you
really didn't forget anything, try typing `2' now; then
my insertion and my current dilemma will both disappear.

D:\Универ\отчетПрактика\отзыв.tex:23: Missing } inserte
d
I've inserted something that you may have forgotten.
(See the <inserted text> above.)
With luck, this will get me unwedged. But if you
really didn't forget anything, try typing `2' now; then
my insertion and my current dilemma will both disappear.

D:\Универ\отчетПрактика\отзыв.tex:23: Missing } inserte
d
I've inserted something that you may have forgotten.
(See the <inserted text> above.)
With luck, this will get me unwedged. But if you
really didn't forget anything, try typing `2' now; then
my insertion and my current dilemma will both disappear.

D:\Универ\отчетПрактика\отзыв.tex:23: Missing } inserte
d
I've inserted something that you may have forgotten.
(See the <inserted text> above.)
With luck, this will get me unwedged. But if you
really didn't forget anything, try typing `2' now; then
my insertion and my current dilemma will both disappear.

D:\Универ\отчетПрактика\отзыв.tex:23: Missing } inserte
d
I've inserted something that you may have forgotten.
(See the <inserted text> above.)
With luck, this will get me unwedged. But if you
really didn't forget anything, try typing `2' now; then
my insertion and my current dilemma will both disappear.

D:\Универ\отчетПрактика\отзыв.tex:23: Missing } inserte
d
I've inserted something that you may have forgotten.
(See the <inserted text> above.)
With luck, this will get me unwedged. But if you
really didn't forget anything, try typing `2' now; then
my insertion and my current dilemma will both disappear.

D:\Универ\отчетПрактика\отзыв.tex:23: Missing } inserte
d
I've inserted something that you may have forgotten.
(See the <inserted text> above.)
With luck, this will get me unwedged. But if you
really didn't forget anything, try typing `2' now; then
my insertion and my current dilemma will both disappear.

D:\Универ\отчетПрактика\отзыв.tex:23: Missing } inserte
d
I've inserted something that you may have forgotten.
(See the <inserted text> above.)
With luck, this will get me unwedged. But if you
really didn't forget anything, try typing `2' now; then
my insertion and my current dilemma will both disappear.

D:\Универ\отчетПрактика\отзыв.tex:23: Missing } inserte
d
I've inserted something that you may have forgotten.
(See the <inserted text> above.)
With luck, this will get me unwedged. But if you
really didn't forget anything, try typing `2' now; then
my insertion and my current dilemma will both disappear.

D:\Универ\отчетПрактика\отзыв.tex:23: Missing } inserte
d
I've inserted something that you may have forgotten.
(See the <inserted text> above.)
With luck, this will get me unwedged. But if you
really didn't forget anything, try typing `2' now; then
my insertion and my current dilemma will both disappear.

D:\Универ\отчетПрактика\отзыв.tex:23: Missing } inserte
d
I've inserted something that you may have forgotten.
(See the <inserted text> above.)
With luck, this will get me unwedged. But if you
really didn't forget anything, try typing `2' now; then
my insertion and my current dilemma will both disappear.

D:\Универ\отчетПрактика\отзыв.tex:23: Extra }, or forgo
tten \endgroup
I've deleted a group-closing symbol because it seems to be
spurious, as in `$x}$'. But perhaps the } is legitimate and
you forgot something else, as in `\hbox{$x}'. In such cases
the way to recover is to insert both the forgotten and the
deleted material, e.g., by typing `I$}'.

[1

{D:/_Full_TeX/texmf/pdftex/config/pdftex.map}]
(D:\Универ\отчетПрактика\отзыв.aux) ) 
Here is how much of TeX's memory you used:
 1254 strings out of 494045
 14484 string characters out of 3143962
 65318 words of memory out of 3000000
 4589 multiletter control sequences out of 15000+200000
 7178 words of font info for 24 fonts, out of 3000000 for 9000
 715 hyphenation exceptions out of 8191
 24i,16n,24p,1073b,153s stack positions out of 5000i,500n,10000p,200000b,50000s
{D:/_Full_TeX/texm
f/fonts/enc/dvips/cm-super/cm-super-t2a.enc}<D:/_Full_TeX/texmf/fonts/type1/pub
lic/cm-super/sfrm1200.pfb>
Output written on отзыв.pdf (1 page, 26275 bytes).
PDF statistics:
 11 PDF objects out of 1000 (max. 8388607)
 0 named destinations out of 1000 (max. 500000)
 1 words of extra memory for PDF output out of 10000 (max. 10000000)

